<?xml version="1.0" encoding="UTF-8"?>
<!-- Generated by org.testng.reporters.JUnitXMLReporter -->
<testsuite ignored="6" hostname="DESKTOP-IHOT62P" failures="0" tests="2" name="Test" time="19.63" errors="0" timestamp="2023-08-22T19:47:07 AEST">
  <testcase classname="executePageClasses.LoginPageTestClass" name="verifyTheCorrectSiteIsLoadedWhileHittingTheURL" time="1.848"/>
  <testcase classname="executePageClasses.HomePageTestClass" name="verifyTheLogoIsDisplayedOrNotInHomePage" time="3.387"/>
  <testcase classname="executePageClasses.BaseClass" name="@BeforeSuite createExtendReport" time="0.0">
    <ignored/>
  </testcase> <!-- @BeforeSuite createExtendReport -->
  <testcase classname="executePageClasses.BaseClass" name="@BeforeSuite createExtendReport" time="0.0">
    <ignored/>
  </testcase> <!-- @BeforeSuite createExtendReport -->
  <testcase classname="executePageClasses.HomePageTestClass" name="verifyAllTilesAreDisplayedInHomePage" time="0.0">
    <ignored/>
  </testcase> <!-- verifyAllTilesAreDisplayedInHomePage -->
  <testcase classname="executePageClasses.FindAPatientTestClass" name="verifyTheRegisteredPatientIsFoundOrNotInPatientRecordTable" time="0.0">
    <ignored/>
  </testcase> <!-- verifyTheRegisteredPatientIsFoundOrNotInPatientRecordTable -->
  <testcase classname="executePageClasses.LoginPageTestClass" name="verifySuceesfullLogin" time="0.0">
    <ignored/>
  </testcase> <!-- verifySuceesfullLogin -->
  <testcase classname="executePageClasses.LoginPageTestClass" name="verifyUnsuceesfullLoginDataProvider" time="0.0">
    <ignored/>
  </testcase> <!-- verifyUnsuceesfullLoginDataProvider -->
</testsuite> <!-- Test -->
