<?xml version="1.0" encoding="UTF-8"?>
<!-- Generated by org.testng.reporters.JUnitXMLReporter -->
<testsuite ignored="0" hostname="DESKTOP-IHOT62P" failures="1" tests="5" name="Test1" time="30.909" errors="0" timestamp="2023-08-23T19:11:37 AEST">
  <testcase classname="executePageClasses.LoginPageTestClass" name="verifySuceesfullLogin" time="0.0">
    <failure type="java.lang.RuntimeException" message="java.io.IOException: Stream Closed">
      <![CDATA[java.lang.RuntimeException: java.io.IOException: Stream Closed
at java.base/java.util.ArrayList.forEach(ArrayList.java:1541)
at java.base/java.util.concurrent.FutureTask.run(FutureTask.java:264)
at java.base/java.util.concurrent.ThreadPoolExecutor.runWorker(ThreadPoolExecutor.java:1128)
at java.base/java.util.concurrent.ThreadPoolExecutor$Worker.run(ThreadPoolExecutor.java:628)
at java.base/java.lang.Thread.run(Thread.java:834)
Caused by: java.io.IOException: Stream Closed
at java.base/java.io.FileInputStream.available0(Native Method)
at java.base/java.io.FileInputStream.available(FileInputStream.java:330)
at java.base/java.io.BufferedInputStream.read(BufferedInputStream.java:359)
at java.base/java.io.FilterInputStream.read(FilterInputStream.java:133)
at java.base/java.io.PushbackInputStream.read(PushbackInputStream.java:183)
at java.base/java.io.FilterInputStream.read(FilterInputStream.java:107)
at org.apache.commons.compress.archivers.zip.ZipArchiveInputStream.fill(ZipArchiveInputStream.java:861)
at org.apache.commons.compress.archivers.zip.ZipArchiveInputStream.readFromInflater(ZipArchiveInputStream.java:650)
at org.apache.commons.compress.archivers.zip.ZipArchiveInputStream.readDeflated(ZipArchiveInputStream.java:625)
at org.apache.commons.compress.archivers.zip.ZipArchiveInputStream.read(ZipArchiveInputStream.java:528)
at java.base/java.io.FilterInputStream.read(FilterInputStream.java:133)
at org.apache.poi.openxml4j.util.ZipArchiveThresholdInputStream.read(ZipArchiveThresholdInputStream.java:80)
at org.apache.poi.util.IOUtils.toByteArray(IOUtils.java:240)
at org.apache.poi.util.IOUtils.toByteArray(IOUtils.java:203)
at org.apache.poi.openxml4j.util.ZipArchiveFakeEntry.<init>(ZipArchiveFakeEntry.java:82)
at org.apache.poi.openxml4j.util.ZipInputStreamZipEntrySource.<init>(ZipInputStreamZipEntrySource.java:98)
at org.apache.poi.openxml4j.opc.ZipPackage.<init>(ZipPackage.java:132)
at org.apache.poi.openxml4j.opc.OPCPackage.open(OPCPackage.java:319)
at org.apache.poi.ooxml.util.PackageHelper.open(PackageHelper.java:59)
at org.apache.poi.xssf.usermodel.XSSFWorkbook.<init>(XSSFWorkbook.java:290)
at org.apache.poi.xssf.usermodel.XSSFWorkbook.<init>(XSSFWorkbook.java:286)
at utilities.ExcelReadClass.getStringData(ExcelReadClass.java:20)
at executePageClasses.DataProvider1.dp1(DataProvider1.java:25)
... 19 more
... Removed 22 stack frames]]>
    </failure>
  </testcase> <!-- verifySuceesfullLogin -->
  <testcase classname="executePageClasses.LoginPageTestClass" name="verifyTheCorrectSiteIsLoadedWhileHittingTheURL" time="2.193"/>
  <testcase classname="executePageClasses.LoginPageTestClass" name="verifyUnsuceesfullLoginDataProvider" time="1.281"/>
  <testcase classname="executePageClasses.LoginPageTestClass" name="verifyUnsuceesfullLoginDataProvider" time="1.303"/>
  <testcase classname="executePageClasses.LoginPageTestClass" name="verifyUnsuceesfullLoginDataProvider" time="1.232"/>
</testsuite> <!-- Test1 -->
