<?xml version="1.0" encoding="UTF-8"?>
<!-- Generated by org.testng.reporters.JUnitXMLReporter -->
<testsuite ignored="1" hostname="DESKTOP-IHOT62P" failures="0" tests="1" name="Default test" time="11.07" errors="0" timestamp="2023-08-17T19:04:13 AEST">
  <testcase classname="executePageClasses.HomePageTestClass" name="verifyAllTilesAreDisplayedInHomePage" time="2.435"/>
  <testcase classname="executePageClasses.HomePageTestClass" name="verifyTheLogoIsDisplayedOrNotInHomePage" time="0.0">
    <ignored/>
  </testcase> <!-- verifyTheLogoIsDisplayedOrNotInHomePage -->
</testsuite> <!-- Default test -->
